<?xml version="1.0" encoding="UTF-8"?>
<testsuite xmlns:xsi="http://www.w3.org/2001/XMLSchema-instance" xsi:noNamespaceSchemaLocation="https://maven.apache.org/surefire/maven-surefire-plugin/xsd/surefire-test-report.xsd" name="restapiTestCases.SampleWebSiteTest" time="5.404" tests="3" errors="0" skipped="0" failures="0">
  <properties>
    <property name="sun.desktop" value="windows"/>
    <property name="awt.toolkit" value="sun.awt.windows.WToolkit"/>
    <property name="file.encoding.pkg" value="sun.io"/>
    <property name="java.specification.version" value="1.8"/>
    <property name="sun.cpu.isalist" value="amd64"/>
    <property name="sun.jnu.encoding" value="Cp1252"/>
    <property name="java.class.path" value="C:\Users\ctiruma\praticse\ApiAutomation\target\test-classes;C:\Users\ctiruma\praticse\ApiAutomation\target\classes;C:\Users\ctiruma\.m2\repository\io\rest-assured\rest-assured\4.0.0\rest-assured-4.0.0.jar;C:\Users\ctiruma\.m2\repository\org\codehaus\groovy\groovy\2.5.6\groovy-2.5.6.jar;C:\Users\ctiruma\.m2\repository\org\codehaus\groovy\groovy-xml\2.5.6\groovy-xml-2.5.6.jar;C:\Users\ctiruma\.m2\repository\org\apache\httpcomponents\httpclient\4.5.3\httpclient-4.5.3.jar;C:\Users\ctiruma\.m2\repository\org\apache\httpcomponents\httpcore\4.4.6\httpcore-4.4.6.jar;C:\Users\ctiruma\.m2\repository\commons-logging\commons-logging\1.2\commons-logging-1.2.jar;C:\Users\ctiruma\.m2\repository\commons-codec\commons-codec\1.9\commons-codec-1.9.jar;C:\Users\ctiruma\.m2\repository\org\apache\httpcomponents\httpmime\4.5.3\httpmime-4.5.3.jar;C:\Users\ctiruma\.m2\repository\org\hamcrest\hamcrest-core\2.1\hamcrest-core-2.1.jar;C:\Users\ctiruma\.m2\repository\org\hamcrest\hamcrest\2.1\hamcrest-2.1.jar;C:\Users\ctiruma\.m2\repository\org\hamcrest\hamcrest-library\2.1\hamcrest-library-2.1.jar;C:\Users\ctiruma\.m2\repository\org\ccil\cowan\tagsoup\tagsoup\1.2.1\tagsoup-1.2.1.jar;C:\Users\ctiruma\.m2\repository\io\rest-assured\json-path\4.0.0\json-path-4.0.0.jar;C:\Users\ctiruma\.m2\repository\org\codehaus\groovy\groovy-json\2.5.6\groovy-json-2.5.6.jar;C:\Users\ctiruma\.m2\repository\io\rest-assured\rest-assured-common\4.0.0\rest-assured-common-4.0.0.jar;C:\Users\ctiruma\.m2\repository\io\rest-assured\xml-path\4.0.0\xml-path-4.0.0.jar;C:\Users\ctiruma\.m2\repository\org\apache\commons\commons-lang3\3.4\commons-lang3-3.4.jar;C:\Users\ctiruma\.m2\repository\javax\xml\bind\jaxb-api\2.2.12\jaxb-api-2.2.12.jar;C:\Users\ctiruma\.m2\repository\com\sun\xml\bind\jaxb-osgi\2.2.10\jaxb-osgi-2.2.10.jar;C:\Users\ctiruma\.m2\repository\org\apache\sling\org.apache.sling.javax.activation\0.1.0\org.apache.sling.javax.activation-0.1.0.jar;C:\Users\ctiruma\.m2\repository\javax\activation\activation\1.1.1\activation-1.1.1.jar;C:\Users\ctiruma\.m2\repository\io\rest-assured\json-schema-validator\4.0.0\json-schema-validator-4.0.0.jar;C:\Users\ctiruma\.m2\repository\com\github\java-json-tools\json-schema-validator\2.2.10\json-schema-validator-2.2.10.jar;C:\Users\ctiruma\.m2\repository\com\github\java-json-tools\json-schema-core\1.2.10\json-schema-core-1.2.10.jar;C:\Users\ctiruma\.m2\repository\com\github\java-json-tools\jackson-coreutils\1.9\jackson-coreutils-1.9.jar;C:\Users\ctiruma\.m2\repository\com\fasterxml\jackson\core\jackson-databind\2.2.3\jackson-databind-2.2.3.jar;C:\Users\ctiruma\.m2\repository\com\fasterxml\jackson\core\jackson-annotations\2.2.3\jackson-annotations-2.2.3.jar;C:\Users\ctiruma\.m2\repository\com\fasterxml\jackson\core\jackson-core\2.2.3\jackson-core-2.2.3.jar;C:\Users\ctiruma\.m2\repository\com\google\guava\guava\16.0.1\guava-16.0.1.jar;C:\Users\ctiruma\.m2\repository\com\github\fge\msg-simple\1.1\msg-simple-1.1.jar;C:\Users\ctiruma\.m2\repository\com\github\fge\btf\1.2\btf-1.2.jar;C:\Users\ctiruma\.m2\repository\com\github\fge\uri-template\0.9\uri-template-0.9.jar;C:\Users\ctiruma\.m2\repository\org\mozilla\rhino\1.7.7.1\rhino-1.7.7.1.jar;C:\Users\ctiruma\.m2\repository\javax\mail\mailapi\1.4.3\mailapi-1.4.3.jar;C:\Users\ctiruma\.m2\repository\joda-time\joda-time\2.9.7\joda-time-2.9.7.jar;C:\Users\ctiruma\.m2\repository\com\googlecode\libphonenumber\libphonenumber\8.0.0\libphonenumber-8.0.0.jar;C:\Users\ctiruma\.m2\repository\com\google\code\findbugs\jsr305\3.0.1\jsr305-3.0.1.jar;C:\Users\ctiruma\.m2\repository\net\sf\jopt-simple\jopt-simple\5.0.3\jopt-simple-5.0.3.jar;C:\Users\ctiruma\.m2\repository\junit\junit\4.12\junit-4.12.jar;"/>
    <property name="java.vm.vendor" value="Oracle Corporation"/>
    <property name="sun.arch.data.model" value="64"/>
    <property name="user.variant" value=""/>
    <property name="java.vendor.url" value="http://java.oracle.com/"/>
    <property name="user.timezone" value="Asia/Calcutta"/>
    <property name="java.vm.specification.version" value="1.8"/>
    <property name="os.name" value="Windows 10"/>
    <property name="user.country" value="US"/>
    <property name="sun.java.launcher" value="SUN_STANDARD"/>
    <property name="sun.boot.library.path" value="C:\Program Files\Java\jdk1.8.0_211\jre\bin"/>
    <property name="sun.java.command" value="C:\Users\ctiruma\AppData\Local\Temp\surefire6543106711216054435\surefirebooter4458110378793770783.jar C:\Users\ctiruma\AppData\Local\Temp\surefire6543106711216054435 2019-07-23T17-03-50_376-jvmRun1 surefire3388033792224482186tmp surefire_03719615688270627622tmp"/>
    <property name="surefire.test.class.path" value="C:\Users\ctiruma\praticse\ApiAutomation\target\test-classes;C:\Users\ctiruma\praticse\ApiAutomation\target\classes;C:\Users\ctiruma\.m2\repository\io\rest-assured\rest-assured\4.0.0\rest-assured-4.0.0.jar;C:\Users\ctiruma\.m2\repository\org\codehaus\groovy\groovy\2.5.6\groovy-2.5.6.jar;C:\Users\ctiruma\.m2\repository\org\codehaus\groovy\groovy-xml\2.5.6\groovy-xml-2.5.6.jar;C:\Users\ctiruma\.m2\repository\org\apache\httpcomponents\httpclient\4.5.3\httpclient-4.5.3.jar;C:\Users\ctiruma\.m2\repository\org\apache\httpcomponents\httpcore\4.4.6\httpcore-4.4.6.jar;C:\Users\ctiruma\.m2\repository\commons-logging\commons-logging\1.2\commons-logging-1.2.jar;C:\Users\ctiruma\.m2\repository\commons-codec\commons-codec\1.9\commons-codec-1.9.jar;C:\Users\ctiruma\.m2\repository\org\apache\httpcomponents\httpmime\4.5.3\httpmime-4.5.3.jar;C:\Users\ctiruma\.m2\repository\org\hamcrest\hamcrest-core\2.1\hamcrest-core-2.1.jar;C:\Users\ctiruma\.m2\repository\org\hamcrest\hamcrest\2.1\hamcrest-2.1.jar;C:\Users\ctiruma\.m2\repository\org\hamcrest\hamcrest-library\2.1\hamcrest-library-2.1.jar;C:\Users\ctiruma\.m2\repository\org\ccil\cowan\tagsoup\tagsoup\1.2.1\tagsoup-1.2.1.jar;C:\Users\ctiruma\.m2\repository\io\rest-assured\json-path\4.0.0\json-path-4.0.0.jar;C:\Users\ctiruma\.m2\repository\org\codehaus\groovy\groovy-json\2.5.6\groovy-json-2.5.6.jar;C:\Users\ctiruma\.m2\repository\io\rest-assured\rest-assured-common\4.0.0\rest-assured-common-4.0.0.jar;C:\Users\ctiruma\.m2\repository\io\rest-assured\xml-path\4.0.0\xml-path-4.0.0.jar;C:\Users\ctiruma\.m2\repository\org\apache\commons\commons-lang3\3.4\commons-lang3-3.4.jar;C:\Users\ctiruma\.m2\repository\javax\xml\bind\jaxb-api\2.2.12\jaxb-api-2.2.12.jar;C:\Users\ctiruma\.m2\repository\com\sun\xml\bind\jaxb-osgi\2.2.10\jaxb-osgi-2.2.10.jar;C:\Users\ctiruma\.m2\repository\org\apache\sling\org.apache.sling.javax.activation\0.1.0\org.apache.sling.javax.activation-0.1.0.jar;C:\Users\ctiruma\.m2\repository\javax\activation\activation\1.1.1\activation-1.1.1.jar;C:\Users\ctiruma\.m2\repository\io\rest-assured\json-schema-validator\4.0.0\json-schema-validator-4.0.0.jar;C:\Users\ctiruma\.m2\repository\com\github\java-json-tools\json-schema-validator\2.2.10\json-schema-validator-2.2.10.jar;C:\Users\ctiruma\.m2\repository\com\github\java-json-tools\json-schema-core\1.2.10\json-schema-core-1.2.10.jar;C:\Users\ctiruma\.m2\repository\com\github\java-json-tools\jackson-coreutils\1.9\jackson-coreutils-1.9.jar;C:\Users\ctiruma\.m2\repository\com\fasterxml\jackson\core\jackson-databind\2.2.3\jackson-databind-2.2.3.jar;C:\Users\ctiruma\.m2\repository\com\fasterxml\jackson\core\jackson-annotations\2.2.3\jackson-annotations-2.2.3.jar;C:\Users\ctiruma\.m2\repository\com\fasterxml\jackson\core\jackson-core\2.2.3\jackson-core-2.2.3.jar;C:\Users\ctiruma\.m2\repository\com\google\guava\guava\16.0.1\guava-16.0.1.jar;C:\Users\ctiruma\.m2\repository\com\github\fge\msg-simple\1.1\msg-simple-1.1.jar;C:\Users\ctiruma\.m2\repository\com\github\fge\btf\1.2\btf-1.2.jar;C:\Users\ctiruma\.m2\repository\com\github\fge\uri-template\0.9\uri-template-0.9.jar;C:\Users\ctiruma\.m2\repository\org\mozilla\rhino\1.7.7.1\rhino-1.7.7.1.jar;C:\Users\ctiruma\.m2\repository\javax\mail\mailapi\1.4.3\mailapi-1.4.3.jar;C:\Users\ctiruma\.m2\repository\joda-time\joda-time\2.9.7\joda-time-2.9.7.jar;C:\Users\ctiruma\.m2\repository\com\googlecode\libphonenumber\libphonenumber\8.0.0\libphonenumber-8.0.0.jar;C:\Users\ctiruma\.m2\repository\com\google\code\findbugs\jsr305\3.0.1\jsr305-3.0.1.jar;C:\Users\ctiruma\.m2\repository\net\sf\jopt-simple\jopt-simple\5.0.3\jopt-simple-5.0.3.jar;C:\Users\ctiruma\.m2\repository\junit\junit\4.12\junit-4.12.jar;"/>
    <property name="sun.cpu.endian" value="little"/>
    <property name="user.home" value="C:\Users\ctiruma"/>
    <property name="user.language" value="en"/>
    <property name="java.specification.vendor" value="Oracle Corporation"/>
    <property name="java.home" value="C:\Program Files\Java\jdk1.8.0_211\jre"/>
    <property name="basedir" value="C:\Users\ctiruma\praticse\ApiAutomation"/>
    <property name="file.separator" value="\"/>
    <property name="line.separator" value="&#10;"/>
    <property name="java.vm.specification.vendor" value="Oracle Corporation"/>
    <property name="java.specification.name" value="Java Platform API Specification"/>
    <property name="java.awt.graphicsenv" value="sun.awt.Win32GraphicsEnvironment"/>
    <property name="surefire.real.class.path" value="C:\Users\ctiruma\AppData\Local\Temp\surefire6543106711216054435\surefirebooter4458110378793770783.jar"/>
    <property name="sun.boot.class.path" value="C:\Program Files\Java\jdk1.8.0_211\jre\lib\resources.jar;C:\Program Files\Java\jdk1.8.0_211\jre\lib\rt.jar;C:\Program Files\Java\jdk1.8.0_211\jre\lib\sunrsasign.jar;C:\Program Files\Java\jdk1.8.0_211\jre\lib\jsse.jar;C:\Program Files\Java\jdk1.8.0_211\jre\lib\jce.jar;C:\Program Files\Java\jdk1.8.0_211\jre\lib\charsets.jar;C:\Program Files\Java\jdk1.8.0_211\jre\lib\jfr.jar;C:\Program Files\Java\jdk1.8.0_211\jre\classes"/>
    <property name="user.script" value=""/>
    <property name="sun.management.compiler" value="HotSpot 64-Bit Tiered Compilers"/>
    <property name="java.runtime.version" value="1.8.0_211-b12"/>
    <property name="user.name" value="Ctiruma"/>
    <property name="path.separator" value=";"/>
    <property name="os.version" value="10.0"/>
    <property name="java.endorsed.dirs" value="C:\Program Files\Java\jdk1.8.0_211\jre\lib\endorsed"/>
    <property name="java.runtime.name" value="Java(TM) SE Runtime Environment"/>
    <property name="file.encoding" value="Cp1252"/>
    <property name="java.vm.name" value="Java HotSpot(TM) 64-Bit Server VM"/>
    <property name="localRepository" value="C:\Users\ctiruma\.m2\repository"/>
    <property name="java.vendor.url.bug" value="http://bugreport.sun.com/bugreport/"/>
    <property name="java.io.tmpdir" value="C:\Users\ctiruma\AppData\Local\Temp\"/>
    <property name="java.version" value="1.8.0_211"/>
    <property name="user.dir" value="C:\Users\ctiruma\praticse\ApiAutomation"/>
    <property name="os.arch" value="amd64"/>
    <property name="java.vm.specification.name" value="Java Virtual Machine Specification"/>
    <property name="java.awt.printerjob" value="sun.awt.windows.WPrinterJob"/>
    <property name="sun.os.patch.level" value=""/>
    <property name="java.library.path" value="C:\Program Files\Java\jdk1.8.0_211\jre\bin;C:\WINDOWS\Sun\Java\bin;C:\WINDOWS\system32;C:\WINDOWS;C:/Program Files/Java/jdk1.8.0_211/bin/../jre/bin/server;C:/Program Files/Java/jdk1.8.0_211/bin/../jre/bin;C:/Program Files/Java/jdk1.8.0_211/bin/../jre/lib/amd64;C:\Users\ctiruma\Downloads\WINDOWS.X64_193000_db_home\bin;C:\Program Files\Java\jdk1.8.0_211\bin;C:\Program Files\Java\jre1.8.0_211\bin;c:\program files (x86)\imagemagick-6.3.7-q8;C:\Program Files\CollabNet\Subversion Client;C:\Program Files (x86)\Common Files\Oracle\Java\javapath;C:\ProgramData\Oracle\Java\javapath;C:\WINDOWS\system32;C:\WINDOWS;C:\WINDOWS\System32\Wbem;C:\WINDOWS\System32\WindowsPowerShell\v1.0\;C:\Users\ctiruma\AppData\Local\Android\Sdk\platform-tools;C:\Users\ctiruma\AppData\Local\Android\Sdk\tools;C:\Users\ctiruma\AppData\Local\Android\Sdk\build-tools;C:\Program Files\Android\Android Studio\bin;C:\Program Files\nodejs\;C:\Users\ctiruma\AppData\Local\Microsoft\WindowsApps;C:\Program Files\JetBrains\PyCharm Community Edition 2019.1.2\bin;C:\Users\ctiruma\AppData\Roaming\npm;C:\svn\ruby\bin;C:\Perl64\bin;C:\Users\ctiruma\AppData\Local\Microsoft\WindowsApps;C:\Program Files\JetBrains\PyCharm Community Edition 2019.1.2\bin;;C:\Users\ctiruma\AppData\Roaming\npm;C:\Users\ctiruma\AppData\Local\Programs\Git\bin;;C:\Users\ctiruma\Desktop;;."/>
    <property name="java.vm.info" value="mixed mode"/>
    <property name="java.vendor" value="Oracle Corporation"/>
    <property name="java.vm.version" value="25.211-b12"/>
    <property name="java.ext.dirs" value="C:\Program Files\Java\jdk1.8.0_211\jre\lib\ext;C:\WINDOWS\Sun\Java\lib\ext"/>
    <property name="sun.io.unicode.encoding" value="UnicodeLittle"/>
    <property name="java.class.version" value="52.0"/>
  </properties>
  <testcase name="getPlaceAPI" classname="restapiTestCases.SampleWebSiteTest" time="2.985"/>
  <testcase name="addPlace_post" classname="restapiTestCases.SampleWebSiteTest" time="0.374"/>
  <testcase name="getCountries" classname="restapiTestCases.SampleWebSiteTest" time="1.967"/>
</testsuite>